Build started 23/10/2012 14:39:24.
     1>Project "M:\Final Year Project\Vroom3D\Vroom3D\proj\MSVS_2010\Vroom3D Helping Wheels\Vroom3D Helping Wheels.vcxproj" on node 2 (build target(s)).
     1>PrepareForBuild:
         Creating directory "M:\Final Year Project\Vroom3D\Vroom3D\proj\MSVS_2010\Debug\".
       InitializeBuildStatus:
         Creating "Debug\Vroom3D Helping Wheels.unsuccessfulbuild" because "AlwaysCreate" was specified.
       ClCompile:
         c:\Program Files\Microsoft Visual Studio 10.0\VC\bin\CL.exe /c /ZI /nologo /W3 /WX- /Od /Oy- /D WIN32 /D _DEBUG /D _WINDOWS /D _UNICODE /D UNICODE /Gm /EHsc /RTC1 /MDd /GS /fp:precise /Zc:wchar_t /Zc:forScope /Yc"StdAfx.h" /Fp"Debug\Vroom3D Helping Wheels.pch" /Fo"Debug\\" /Fd"Debug\vc100.pdb" /Gd /TP /analyze- /errorReport:prompt stdafx.cpp
         stdafx.cpp
         c:\Program Files\Microsoft Visual Studio 10.0\VC\bin\CL.exe /c /ZI /nologo /W3 /WX- /Od /Oy- /D WIN32 /D _DEBUG /D _WINDOWS /D _UNICODE /D UNICODE /Gm /EHsc /RTC1 /MDd /GS /fp:precise /Zc:wchar_t /Zc:forScope /Yu"StdAfx.h" /Fp"Debug\Vroom3D Helping Wheels.pch" /Fo"Debug\\" /Fd"Debug\vc100.pdb" /Gd /TP /analyze- /errorReport:prompt "Vroom3D Helping Wheels.cpp"
         Vroom3D Helping Wheels.cpp
       ResourceCompile:
         C:\Program Files\Microsoft SDKs\Windows\v7.0A\bin\rc.exe /D _UNICODE /D UNICODE /l"0x0409" /nologo /fo"Debug\Vroom3D Helping Wheels.res" "Vroom3D Helping Wheels.rc" 
       ManifestResourceCompile:
         C:\Program Files\Microsoft SDKs\Windows\v7.0A\bin\rc.exe /nologo /fo"Debug\Vroom3D Helping Wheels.exe.embed.manifest.res" "Debug\Vroom3D Helping Wheels_manifest.rc" 
       Link:
         c:\Program Files\Microsoft Visual Studio 10.0\VC\bin\link.exe /ERRORREPORT:PROMPT /OUT:"M:\Final Year Project\Vroom3D\Vroom3D\proj\MSVS_2010\Debug\Vroom3D Helping Wheels.exe" /INCREMENTAL /NOLOGO kernel32.lib user32.lib gdi32.lib winspool.lib comdlg32.lib advapi32.lib shell32.lib ole32.lib oleaut32.lib uuid.lib odbc32.lib odbccp32.lib /MANIFEST /ManifestFile:"Debug\Vroom3D Helping Wheels.exe.intermediate.manifest" /MANIFESTUAC:"level='asInvoker' uiAccess='false'" /DEBUG /PDB:"M:\Final Year Project\Vroom3D\Vroom3D\proj\MSVS_2010\Debug\Vroom3D Helping Wheels.pdb" /SUBSYSTEM:WINDOWS /TLBID:1 /DYNAMICBASE /NXCOMPAT /IMPLIB:"M:\Final Year Project\Vroom3D\Vroom3D\proj\MSVS_2010\Debug\Vroom3D Helping Wheels.lib" /MACHINE:X86 "Debug\Vroom3D Helping Wheels.res"
         "Debug\Vroom3D Helping Wheels.exe.embed.manifest.res"
         Debug\stdafx.obj
         "Debug\Vroom3D Helping Wheels.obj"
       Manifest:
         C:\Program Files\Microsoft SDKs\Windows\v7.0A\bin\mt.exe /nologo /verbose /out:"Debug\Vroom3D Helping Wheels.exe.embed.manifest" /manifest "Debug\Vroom3D Helping Wheels.exe.intermediate.manifest"
         C:\Program Files\Microsoft SDKs\Windows\v7.0A\bin\rc.exe /nologo /fo"Debug\Vroom3D Helping Wheels.exe.embed.manifest.res" "Debug\Vroom3D Helping Wheels_manifest.rc" 
       LinkEmbedManifest:
         c:\Program Files\Microsoft Visual Studio 10.0\VC\bin\link.exe /ERRORREPORT:PROMPT /OUT:"M:\Final Year Project\Vroom3D\Vroom3D\proj\MSVS_2010\Debug\Vroom3D Helping Wheels.exe" /INCREMENTAL /NOLOGO kernel32.lib user32.lib gdi32.lib winspool.lib comdlg32.lib advapi32.lib shell32.lib ole32.lib oleaut32.lib uuid.lib odbc32.lib odbccp32.lib /MANIFEST /ManifestFile:"Debug\Vroom3D Helping Wheels.exe.intermediate.manifest" /MANIFESTUAC:"level='asInvoker' uiAccess='false'" /DEBUG /PDB:"M:\Final Year Project\Vroom3D\Vroom3D\proj\MSVS_2010\Debug\Vroom3D Helping Wheels.pdb" /SUBSYSTEM:WINDOWS /TLBID:1 /DYNAMICBASE /NXCOMPAT /IMPLIB:"M:\Final Year Project\Vroom3D\Vroom3D\proj\MSVS_2010\Debug\Vroom3D Helping Wheels.lib" /MACHINE:X86 "Debug\Vroom3D Helping Wheels.res"
         "Debug\Vroom3D Helping Wheels.exe.embed.manifest.res"
         Debug\stdafx.obj
         "Debug\Vroom3D Helping Wheels.obj"
         Vroom3D Helping Wheels.vcxproj -> M:\Final Year Project\Vroom3D\Vroom3D\proj\MSVS_2010\Debug\Vroom3D Helping Wheels.exe
       FinalizeBuildStatus:
         Deleting file "Debug\Vroom3D Helping Wheels.unsuccessfulbuild".
         Touching "Debug\Vroom3D Helping Wheels.lastbuildstate".
     1>Done Building Project "M:\Final Year Project\Vroom3D\Vroom3D\proj\MSVS_2010\Vroom3D Helping Wheels\Vroom3D Helping Wheels.vcxproj" (build target(s)).

Build succeeded.

Time Elapsed 00:00:07.37
